
> resume-frontend@0.1.0 start
> react-scripts start

(node:29160) [DEP_WEBPACK_DEV_SERVER_ON_AFTER_SETUP_MIDDLEWARE] DeprecationWarning: 'onAfterSetupMiddleware' option is deprecated. Please use the 'setupMiddlewares' option.
(Use `node --trace-deprecation ...` to show where the warning was created)
(node:29160) [DEP_WEBPACK_DEV_SERVER_ON_BEFORE_SETUP_MIDDLEWARE] DeprecationWarning: 'onBeforeSetupMiddleware' option is deprecated. Please use the 'setupMiddlewares' option.
Starting the development server...

Compiled successfully!

You can now view resume-frontend in the browser.

  Local:            http://localhost:3001
  On Your Network:  http://192.168.0.103:3001

Note that the development build is not optimized.
To create a production build, use npm run build.

webpack compiled [1m[32msuccessfully[39m[22m
Failed to compile.

Module not found: Error: Can't resolve './pages/public/PublicPortfolioPage' in 'S:\project-4\Project-4-Frontend-Resume\src'
[1m[31mERROR[39m[22m in [1m./src/App.js[39m[22m [1m[32m10:0-69[39m[22m
[1mModule [1m[31mnot found[39m[22m[1m: [1m[31mError[39m[22m[1m: Can't resolve './pages/public/PublicPortfolioPage' in 'S:\project-4\Project-4-Frontend-Resume\src'[39m[22m

webpack compiled with [1m[31m1 error[39m[22m
Compiling...
Compiled successfully!
webpack compiled [1m[32msuccessfully[39m[22m
Compiling...
Compiled successfully!
webpack compiled [1m[32msuccessfully[39m[22m
^C^C